<?xml version="1.0" encoding="UTF-8"?>
<!-- Generated by org.testng.reporters.JUnitReportReporter -->
<testsuite hostname="LAPTOP-PF3BCJ59" failures="0" tests="1" name="MobileAutomation1.Mobile.eCom4_totalamount" time="14.536" errors="0" timestamp="2024-03-01T23:35:16 BDT" skipped="0">
  <testcase classname="MobileAutomation1.Mobile.eCom4_totalamount" name="FillForm" time="14.536"/>
</testsuite> <!-- MobileAutomation1.Mobile.eCom4_totalamount -->
