<?xml version="1.0" encoding="UTF-8"?>
<!-- Generated by org.testng.reporters.JUnitReportReporter -->
<testsuite hostname="LAPTOP-PF3BCJ59" failures="0" tests="1" name="MobileAutomation1.Mobile.ScrollTest" time="8.887" errors="0" timestamp="2024-02-19T03:21:18 BDT" skipped="0">
  <testcase classname="MobileAutomation1.Mobile.ScrollTest" name="ScrollTestDemo" time="8.887"/>
</testsuite> <!-- MobileAutomation1.Mobile.ScrollTest -->
