<?xml version="1.0" encoding="UTF-8"?>
<!-- Generated by org.testng.reporters.JUnitReportReporter -->
<testsuite hostname="LAPTOP-PF3BCJ59" failures="0" tests="1" name="MobileAutomation1.Mobile.SwipeTest" time="4.282" errors="0" timestamp="2024-02-19T22:24:47 BDT" skipped="0">
  <testcase classname="MobileAutomation1.Mobile.SwipeTest" name="SwipeTestDemo" time="4.282"/>
</testsuite> <!-- MobileAutomation1.Mobile.SwipeTest -->
