<?xml version="1.0" encoding="UTF-8"?>
<!-- Generated by org.testng.reporters.JUnitReportReporter -->
<testsuite hostname="LAPTOP-PF3BCJ59" failures="0" tests="1" name="MobileAutomation1.Mobile.eCommerce_tc_2_toast_msg" time="10.053" errors="0" timestamp="2024-02-23T20:09:18 BDT" skipped="0">
  <testcase classname="MobileAutomation1.Mobile.eCommerce_tc_2_toast_msg" name="FillForm" time="10.053"/>
</testsuite> <!-- MobileAutomation1.Mobile.eCommerce_tc_2_toast_msg -->
