<?xml version="1.0" encoding="UTF-8"?>
<!-- Generated by org.testng.reporters.JUnitReportReporter -->
<testsuite hostname="LAPTOP-PF3BCJ59" failures="0" tests="1" name="MobileAutomation1.Mobile.MiscellaneousAtivities" time="8.354" errors="0" timestamp="2024-02-20T23:19:10 BDT" skipped="0">
  <testcase classname="MobileAutomation1.Mobile.MiscellaneousAtivities" name="MiscellaneousTest" time="8.354"/>
</testsuite> <!-- MobileAutomation1.Mobile.MiscellaneousAtivities -->
