<?xml version="1.0" encoding="UTF-8"?>
<!-- Generated by org.testng.reporters.JUnitReportReporter -->
<testsuite hostname="LAPTOP-PF3BCJ59" failures="0" tests="1" name="MobileAutomation1.Mobile.eCom5_totalamountValidation" time="20.765" errors="0" timestamp="2024-05-01T02:56:46 BDT" skipped="0">
  <testcase classname="MobileAutomation1.Mobile.eCom5_totalamountValidation" name="FillForm" time="20.765"/>
</testsuite> <!-- MobileAutomation1.Mobile.eCom5_totalamountValidation -->
