<?xml version="1.0" encoding="UTF-8"?>
<!-- Generated by org.testng.reporters.JUnitReportReporter -->
<testsuite hostname="LAPTOP-PF3BCJ59" failures="0" tests="1" name="MobileAutomation1.Mobile.eCommerce_tc_1" time="13.974" errors="0" timestamp="2024-04-06T00:13:14 BDT" skipped="0">
  <testcase classname="MobileAutomation1.Mobile.eCommerce_tc_1" name="FillForm" time="13.974"/>
</testsuite> <!-- MobileAutomation1.Mobile.eCommerce_tc_1 -->
